  main.cpp
C:\Users\rober\source\repos\OOPpb1\OOPpb1\main.cpp(4,1): error C2628: 'NumberList' followed by 'void' is illegal (did you forget a ';'?)
C:\Users\rober\source\repos\OOPpb1\OOPpb1\main.cpp(5,1): error C2556: 'NumberList NumberList::Init(void)': overloaded function differs only by return type from 'void NumberList::Init(void)'
  C:\Users\rober\source\repos\OOPpb1\OOPpb1\NumberList.h(7,10):
  see declaration of 'NumberList::Init'
  
C:\Users\rober\source\repos\OOPpb1\OOPpb1\main.cpp(4,18): error C2371: 'NumberList::Init': redefinition; different basic types
  C:\Users\rober\source\repos\OOPpb1\OOPpb1\NumberList.h(7,10):
  see declaration of 'NumberList::Init'
  
C:\Users\rober\source\repos\OOPpb1\OOPpb1\main.cpp(41,9): error C3861: 'printf': identifier not found
C:\Users\rober\source\repos\OOPpb1\OOPpb1\main.cpp(43,18): error C2059: syntax error: ')'
C:\Users\rober\source\repos\OOPpb1\OOPpb1\main.cpp(44,1): error C2143: syntax error: missing ';' before '{'
C:\Users\rober\source\repos\OOPpb1\OOPpb1\main.cpp(44,1): error C2447: '{': missing function header (old-style formal list?)
  NumberList.cpp
C:\Users\rober\source\repos\OOPpb1\OOPpb1\NumberList.cpp(3,1): error C2628: 'NumberList' followed by 'void' is illegal (did you forget a ';'?)
C:\Users\rober\source\repos\OOPpb1\OOPpb1\NumberList.cpp(4,1): error C2556: 'NumberList NumberList::Init(void)': overloaded function differs only by return type from 'void NumberList::Init(void)'
  C:\Users\rober\source\repos\OOPpb1\OOPpb1\NumberList.h(7,10):
  see declaration of 'NumberList::Init'
  
C:\Users\rober\source\repos\OOPpb1\OOPpb1\NumberList.cpp(3,18): error C2371: 'NumberList::Init': redefinition; different basic types
  C:\Users\rober\source\repos\OOPpb1\OOPpb1\NumberList.h(7,10):
  see declaration of 'NumberList::Init'
  
C:\Users\rober\source\repos\OOPpb1\OOPpb1\NumberList.cpp(40,9): error C3861: 'printf': identifier not found
  Generating Code...
